<?xml version="1.0" encoding="utf-8"?><testsuites name="pytest tests"><testsuite name="pytest" errors="0" failures="0" skipped="0" tests="12" time="3.082" timestamp="2026-08-06T15:27:16.034563+00:00" hostname="agent-env-e99aa617-2785-428c-8476-caea679b97a6"><testcase classname="tests.test_audit_logs" name="test_login_creates_audit_entry" time="0.526" /><testcase classname="tests.test_audit_logs" name="test_crud_job_creates_audit" time="0.347" /><testcase classname="tests.test_audit_logs" name="test_future_date_range_returns_empty" time="0.032" /><testcase classname="tests.test_audit_logs" name="test_date_range_filter_inclusive" time="0.036" /><testcase classname="tests.test_audit_logs" name="test_past_date_only_returns_empty" time="0.076" /><testcase classname="tests.test_audit_logs" name="test_csv_export_headers_and_format" time="0.037" /><testcase classname="tests.test_audit_logs" name="test_csv_export_future_range_only_header" time="0.032" /><testcase classname="tests.test_audit_logs" name="test_csv_export_row_count_matches_list" time="0.117" /><testcase classname="tests.test_audit_logs" name="test_foreman_forbidden_list" time="0.611" /><testcase classname="tests.test_audit_logs" name="test_foreman_forbidden_export" time="0.078" /><testcase classname="tests.test_audit_logs" name="test_unauthenticated_forbidden" time="0.212" /><testcase classname="tests.test_audit_logs" name="test_team_member_add_change_remove_logged" time="0.426" /></testsuite></testsuites>