<?xml version="1.0" encoding="utf-8"?><testsuites name="pytest tests"><testsuite name="pytest" errors="0" failures="0" skipped="0" tests="16" time="4.549" timestamp="2026-08-04T18:48:33.008058+00:00" hostname="agent-env-e99aa617-2785-428c-8476-caea679b97a6"><testcase classname="tests.test_new_features.TestRoleAssignment" name="test_add_member_employee_and_foreman" time="1.201" /><testcase classname="tests.test_new_features.TestRoleAssignment" name="test_change_role" time="0.675" /><testcase classname="tests.test_new_features.TestRoleAssignment" name="test_owner_cannot_demote_self_if_only_owner" time="0.429" /><testcase classname="tests.test_new_features.TestRoleAssignment" name="test_owner_cannot_delete_self" time="0.049" /><testcase classname="tests.test_new_features.TestRoleAssignment" name="test_add_member_owner_role_accepted" time="0.322" /><testcase classname="tests.test_new_features.TestRoleAssignment" name="test_non_owner_forbidden" time="0.703" /><testcase classname="tests.test_new_features.TestRoleAssignment" name="test_delete_member" time="0.346" /><testcase classname="tests.test_new_features.TestDataEntryTickets" name="test_owner_creates_and_lists" time="0.085" /><testcase classname="tests.test_new_features.TestDataEntryTickets" name="test_employee_can_create_ticket" time="0.036" /><testcase classname="tests.test_new_features.TestDataEntryTickets" name="test_scoping" time="0.155" /><testcase classname="tests.test_new_features.TestAdmin" name="test_admin_list_tickets" time="0.042" /><testcase classname="tests.test_new_features.TestAdmin" name="test_admin_sees_across_companies" time="0.042" /><testcase classname="tests.test_new_features.TestAdmin" name="test_admin_update_ticket" time="0.128" /><testcase classname="tests.test_new_features.TestAdmin" name="test_admin_stats" time="0.047" /><testcase classname="tests.test_new_features.TestAdmin" name="test_non_superadmin_forbidden" time="0.136" /><testcase classname="tests.test_new_features.TestAdmin" name="test_foreman_forbidden_on_admin" time="0.078" /></testsuite></testsuites>