<?xml version="1.0" encoding="utf-8"?><testsuites name="pytest tests"><testsuite name="pytest" errors="0" failures="0" skipped="0" tests="9" time="3.258" timestamp="2026-08-04T19:04:12.483146+00:00" hostname="agent-env-e99aa617-2785-428c-8476-caea679b97a6"><testcase classname="tests.test_notifications_hours.TestDashboardFields" name="test_dashboard_has_hours_and_updates" time="0.651" /><testcase classname="tests.test_notifications_hours.TestDashboardFields" name="test_hours_used_increases_after_new_ticket" time="0.300" /><testcase classname="tests.test_notifications_hours.TestNotifications" name="test_admin_update_creates_notification" time="1.035" /><testcase classname="tests.test_notifications_hours.TestHoursClamp" name="test_remaining_clamps_at_zero" time="0.134" /><testcase classname="tests.test_notifications_hours.TestNotifications" name="test_dashboard_recent_updates_contains_ticket" time="0.213" /><testcase classname="tests.test_notifications_hours.TestNotifications" name="test_no_notification_when_no_status_or_note_change" time="0.314" /><testcase classname="tests.test_notifications_hours.TestNotifications" name="test_read_all_clears_unread" time="0.349" /><testcase classname="tests.test_notifications_hours.TestNotifications" name="test_mark_single_read" time="0.231" /><testcase classname="tests.test_notifications_hours.TestNotifications" name="test_notification_company_scoping" time="0.579" /></testsuite></testsuites>