<?xml version="1.0" encoding="utf-8"?><testsuites name="pytest tests"><testsuite name="pytest" errors="0" failures="1" skipped="0" tests="23" time="8.354" timestamp="2026-09-09T03:49:16.872395+00:00" hostname="agent-env-e99aa617-2785-428c-8476-caea679b97a6"><testcase classname="tests.backend_test.TestCRUD" name="test_jobs_crud" time="1.171" /><testcase classname="tests.backend_test.TestAuth" name="test_login_and_me" time="0.764" /><testcase classname="tests.backend_test.TestAuth" name="test_login_bad_password" time="0.341" /><testcase classname="tests.backend_test.TestAuth" name="test_me_unauthenticated" time="0.084" /><testcase classname="tests.backend_test.TestCRUD" name="test_employee_crud" time="0.309" /><testcase classname="tests.backend_test.TestAuth" name="test_register_new_owner" time="0.330"><failure message="AssertionError: assert 'test_owner_0...3@example.com' == 'TEST_owner_0...3@example.com'&#10;  &#10;  - TEST_owner_0bbfd463@example.com&#10;  ? ^^^^&#10;  + test_owner_0bbfd463@example.com&#10;  ? ^^^^">backend/tests/backend_test.py:63: in test_register_new_owner
    assert data["email"] == email
E   AssertionError: assert 'test_owner_0...3@example.com' == 'TEST_owner_0...3@example.com'
E     
E     - TEST_owner_0bbfd463@example.com
E     ? ^^^^
E     + test_owner_0bbfd463@example.com
E     ? ^^^^</failure></testcase><testcase classname="tests.backend_test.TestCRUD" name="test_vehicle_crud" time="0.354" /><testcase classname="tests.backend_test.TestCRUD" name="test_equipment_crud" time="0.326" /><testcase classname="tests.backend_test.TestRBAC" name="test_employee_cannot_create_employee" time="0.670" /><testcase classname="tests.backend_test.TestPayments" name="test_plans" time="0.112" /><testcase classname="tests.backend_test.TestRBAC" name="test_foreman_cannot_create_employee" time="0.814" /><testcase classname="tests.backend_test.TestRBAC" name="test_foreman_can_create_job" time="0.320" /><testcase classname="tests.backend_test.TestPayments" name="test_checkout_owner_only" time="1.108" /><testcase classname="tests.backend_test.TestDashboardReports" name="test_dashboard" time="0.074" /><testcase classname="tests.backend_test.TestPayments" name="test_checkout_returns_url" time="1.789" /><testcase classname="tests.backend_test.TestDashboardReports" name="test_weekly_report" time="1.787" /><testcase classname="tests.backend_test.TestEstimates" name="test_estimate_total_and_send" time="0.649" /><testcase classname="tests.backend_test.TestScoping" name="test_no_cross_company_leakage" time="0.502" /><testcase classname="tests.backend_test.TestTimeCards" name="test_clock_in_out" time="1.330" /><testcase classname="tests.backend_test.TestEstimates" name="test_estimate_send_missing_email" time="0.141" /><testcase classname="tests.backend_test.TestJobCost" name="test_job_cost" time="0.105" /><testcase classname="tests.backend_test.TestMessages" name="test_post_and_list" time="0.139" /><testcase classname="tests.backend_test.TestUpload" name="test_upload_and_get" time="0.648" /></testsuite></testsuites>